<funkload version="1.16.1" time="2014-12-03T17:16:06.385596">
<config key="sleep_time_min" value="0.0" />
<config key="node" value="169-231-102-239.wireless.ucsb.edu" />
<config key="startup_delay" value="0.01" />
<config key="cycles" value="[1]" />
<config key="cycle_time" value="1.0" />
<config key="description" value="No test description" />
<config key="configuration_file" value="/Users/steffenfb/programming/load_testing/Critical.conf" />
<config key="class_title" value="Critical Path FunkLoad tests" />
<config key="server_url" value="http://localhost:3000" />
<config key="module" value="test_Critical" />
<config key="id" value="my_test" />
<config key="class_description" value="Testing the critical path of the lab app" />
<config key="sleep_time" value="0.01" />
<config key="sleep_time_max" value="0.5" />
<config key="duration" value="10" />
<config key="method" value="my_test" />
<config key="log_xml" value="/Users/steffenfb/programming/load_testing/localcritical-bench.xml" />
<config key="class" value="Critical" />
<config key="python_version" value="2.7.5" />
<response cycle="000" cvus="001" thread="000" suite="Critical" name="my_test" step="001" number="001" type="get" result="Successful" url="/past" code="200" description="View the past page" time="1417655766.39" duration="0.136502027512" />
<response cycle="000" cvus="001" thread="000" suite="Critical" name="my_test" step="001" number="002" type="link" result="Successful" url="/bootstrap/3.2.0/css/bootstrap.min.css" code="200" description="" time="1417655766.52" duration="0.444792032242" />
<response cycle="000" cvus="001" thread="000" suite="Critical" name="my_test" step="001" number="003" type="link" result="Successful" url="/assets/bootstrap_and_customization.css?body=1" code="200" description="" time="1417655766.97" duration="0.00650501251221" />
<response cycle="000" cvus="001" thread="000" suite="Critical" name="my_test" step="001" number="004" type="link" result="Successful" url="/assets/join_members.css?body=1" code="200" description="" time="1417655766.98" duration="0.00502490997314" />
<response cycle="000" cvus="001" thread="000" suite="Critical" name="my_test" step="001" number="005" type="link" result="Successful" url="/assets/parties.css?body=1" code="200" description="" time="1417655766.98" duration="0.00476384162903" />
<response cycle="000" cvus="001" thread="000" suite="Critical" name="my_test" step="001" number="006" type="link" result="Successful" url="/assets/profiles.css?body=1" code="200" description="" time="1417655766.99" duration="0.00496101379395" />
<response cycle="000" cvus="001" thread="000" suite="Critical" name="my_test" step="001" number="007" type="link" result="Successful" url="/assets/scaffolds.css?body=1" code="200" description="" time="1417655766.99" duration="0.00555920600891" />
<response cycle="000" cvus="001" thread="000" suite="Critical" name="my_test" step="001" number="008" type="link" result="Successful" url="/assets/application.css?body=1" code="200" description="" time="1417655767.0" duration="0.00540518760681" />
<response cycle="000" cvus="001" thread="000" suite="Critical" name="my_test" step="001" number="009" type="link" result="Successful" url="/assets/bootstrap-datetimepicker.css?body=1" code="200" description="" time="1417655767.0" duration="0.00475692749023" />
<response cycle="000" cvus="001" thread="000" suite="Critical" name="my_test" step="002" number="001" type="get" result="Successful" url="/past" code="200" description="View the past page again" time="1417655767.04" duration="0.138443946838" />
<response cycle="000" cvus="001" thread="000" suite="Critical" name="my_test" step="003" number="001" type="get" result="Successful" url="" code="200" description="Get root URL" time="1417655767.65" duration="0.148787021637" />
<response cycle="000" cvus="001" thread="000" suite="Critical" name="my_test" step="003" number="002" type="image" result="Successful" url="/2013/05/img_1380.jpg" code="200" description="" time="1417655767.81" duration="0.999243021011" />
<response cycle="000" cvus="001" thread="000" suite="Critical" name="my_test" step="003" number="003" type="image" result="Successful" url="/2014/04/maxresdefault.jpg" code="200" description="" time="1417655768.8" duration="0.52113199234" />
<response cycle="000" cvus="001" thread="000" suite="Critical" name="my_test" step="003" number="004" type="image" result="Successful" url="/_-tDuDhxev0k/TLKuMBwh6sI/AAAAAAAAACc/hjNcFNVbBEI/s1600/IMG_0091-1.jpg" code="200" description="" time="1417655769.33" duration="0.445906162262" />
<response cycle="000" cvus="001" thread="000" suite="Critical" name="my_test" step="003" number="005" type="image" result="Successful" url="/img/photos/2009/04/08/P4040977_t479.jpg?6626f76dcd72edc2e28f46812c7026450162bdb2" code="200" description="" time="1417655769.77" duration="0.235311985016" />
<response cycle="000" cvus="001" thread="000" suite="Critical" name="my_test" step="003" number="006" type="image" result="Successful" url="/rapgenius/beer_pong1.jpg" code="200" description="" time="1417655770.01" duration="1.04530096054" />
<response cycle="000" cvus="001" thread="000" suite="Critical" name="my_test" step="003" number="007" type="image" result="Successful" url="/images/drink.19_1.jpg" code="200" description="" time="1417655771.05" duration="0.0634970664978" />
<response cycle="000" cvus="001" thread="000" suite="Critical" name="my_test" step="004" number="001" type="get" result="Successful" url="/users/sign_up" code="200" description="View the user signup page" time="1417655771.55" duration="0.149600028992" />
<response cycle="000" cvus="001" thread="000" suite="Critical" name="my_test" step="005" number="001" type="post" result="Successful" url="/users" code="302" description="Create New User" time="1417655771.78" duration="0.102391958237" />
<response cycle="000" cvus="001" thread="000" suite="Critical" name="my_test" step="005" number="002" type="get" result="Successful" url="/" code="200" description="" time="1417655771.88" duration="0.0958228111267" />
<response cycle="000" cvus="001" thread="000" suite="Critical" name="my_test" step="006" number="001" type="get" result="Successful" url="/past" code="200" description="View the past page2" time="1417655772.11" duration="0.140373945236" />
<response cycle="000" cvus="001" thread="000" suite="Critical" name="my_test" step="007" number="001" type="post" result="Failure" url="/parties" code="422" description="Create New party" time="1417655772.45" duration="0.0295269489288">
  <headers>
    <header name="content-length" value="16689" />
    <header name="connection" value="close" />
    <header name="x-request-id" value="4d43b6c5-c95a-4f4d-a3e6-c35ce1a45b16" />
    <header name="server" value="WEBrick/1.3.1 (Ruby/2.0.0/2014-05-08)" />
    <header name="x-runtime" value="0.025005" />
    <header name="date" value="Thu, 04 Dec 2014 01:16:12 GMT" />
    <header name="content-type" value="text/html; charset=utf-8" />
  </headers>
  <body><![CDATA[
<!DOCTYPE html>
<html lang="en">
<head>
  <meta charset="utf-8" />
  <title>Action Controller: Exception caught</title>
  <style>
    body {
      background-color: #FAFAFA;
      color: #333;
      margin: 0px;
    }

    body, p, ol, ul, td {
      font-family: helvetica, verdana, arial, sans-serif;
      font-size:   13px;
      line-height: 18px;
    }

    pre {
      font-size: 11px;
      white-space: pre-wrap;
    }

    pre.box {
      border: 1px solid #EEE;
      padding: 10px;
      margin: 0px;
      width: 958px;
    }

    header {
      color: #F0F0F0;
      background: #C52F24;
      padding: 0.5em 1.5em;
    }

    h1 {
      margin: 0.2em 0;
      line-height: 1.1em;
      font-size: 2em;
    }

    h2 {
      color: #C52F24;
      line-height: 25px;
    }

    .details {
      border: 1px solid #D0D0D0;
      border-radius: 4px;
      margin: 1em 0px;
      display: block;
      width: 978px;
    }

    .summary {
      padding: 8px 15px;
      border-bottom: 1px solid #D0D0D0;
      display: block;
    }

    .details pre {
      margin: 5px;
      border: none;
    }

    #container {
      box-sizing: border-box;
      width: 100%;
      padding: 0 1.5em;
    }

    .source * {
      margin: 0px;
      padding: 0px;
    }

    .source {
      border: 1px solid #D9D9D9;
      background: #ECECEC;
      width: 978px;
    }

    .source pre {
      padding: 10px 0px;
      border: none;
    }

    .source .data {
      font-size: 80%;
      overflow: auto;
      background-color: #FFF;
    }

    .info {
      padding: 0.5em;
    }

    .source .data .line_numbers {
      background-color: #ECECEC;
      color: #AAA;
      padding: 1em .5em;
      border-right: 1px solid #DDD;
      text-align: right;
    }

    .line {
      padding-left: 10px;
    }

    .line:hover {
      background-color: #F6F6F6;
    }

    .line.active {
      background-color: #FFCCCC;
    }

    a { color: #980905; }
    a:visited { color: #666; }
    a:hover { color: #C52F24; }

    
  </style>

  <script>
    var toggle = function(id) {
      var s = document.getElementById(id).style;
      s.display = s.display == 'none' ? 'block' : 'none';
      return false;
    }
    var show = function(id) {
      document.getElementById(id).style.display = 'block';
    }
    var hide = function(id) {
      document.getElementById(id).style.display = 'none';
    }
    var toggleTrace = function() {
      return toggle('blame_trace');
    }
    var toggleSessionDump = function() {
      return toggle('session_dump');
    }
    var toggleEnvDump = function() {
      return toggle('env_dump');
    }
  </script>
</head>
<body>

<header>
  <h1>
    ActionController::InvalidAuthenticityToken
      in PartiesController#create
  </h1>
</header>

<div id="container">
  <h2>ActionController::InvalidAuthenticityToken</h2>

  
  
<p><code>Rails.root: /Users/steffenfb/programming/xup</code></p>

<div id="traces">
    <a href="#" onclick="hide(&#39;Framework-Trace&#39;);hide(&#39;Full-Trace&#39;);show(&#39;Application-Trace&#39;);; return false;">Application Trace</a> |
    <a href="#" onclick="hide(&#39;Application-Trace&#39;);hide(&#39;Full-Trace&#39;);show(&#39;Framework-Trace&#39;);; return false;">Framework Trace</a> |
    <a href="#" onclick="hide(&#39;Application-Trace&#39;);hide(&#39;Framework-Trace&#39;);show(&#39;Full-Trace&#39;);; return false;">Full Trace</a> 

    <div id="Application-Trace" style="display: block;">
      <pre><code></code></pre>
    </div>
    <div id="Framework-Trace" style="display: none;">
      <pre><code>actionpack (4.1.6) lib/action_controller/metal/request_forgery_protection.rb:176:in `handle_unverified_request&#39;
actionpack (4.1.6) lib/action_controller/metal/request_forgery_protection.rb:202:in `handle_unverified_request&#39;
devise (3.4.1) lib/devise/controllers/helpers.rb:251:in `handle_unverified_request&#39;
actionpack (4.1.6) lib/action_controller/metal/request_forgery_protection.rb:197:in `verify_authenticity_token&#39;
activesupport (4.1.6) lib/active_support/callbacks.rb:424:in `block in make_lambda&#39;
activesupport (4.1.6) lib/active_support/callbacks.rb:160:in `call&#39;
activesupport (4.1.6) lib/active_support/callbacks.rb:160:in `block in halting&#39;
activesupport (4.1.6) lib/active_support/callbacks.rb:86:in `call&#39;
activesupport (4.1.6) lib/active_support/callbacks.rb:86:in `run_callbacks&#39;
actionpack (4.1.6) lib/abstract_controller/callbacks.rb:19:in `process_action&#39;
actionpack (4.1.6) lib/action_controller/metal/rescue.rb:29:in `process_action&#39;
actionpack (4.1.6) lib/action_controller/metal/instrumentation.rb:31:in `block in process_action&#39;
activesupport (4.1.6) lib/active_support/notifications.rb:159:in `block in instrument&#39;
activesupport (4.1.6) lib/active_support/notifications/instrumenter.rb:20:in `instrument&#39;
activesupport (4.1.6) lib/active_support/notifications.rb:159:in `instrument&#39;
actionpack (4.1.6) lib/action_controller/metal/instrumentation.rb:30:in `process_action&#39;
actionpack (4.1.6) lib/action_controller/metal/params_wrapper.rb:250:in `process_action&#39;
activerecord (4.1.6) lib/active_record/railties/controller_runtime.rb:18:in `process_action&#39;
actionpack (4.1.6) lib/abstract_controller/base.rb:136:in `process&#39;
actionview (4.1.6) lib/action_view/rendering.rb:30:in `process&#39;
actionpack (4.1.6) lib/action_controller/metal.rb:196:in `dispatch&#39;
actionpack (4.1.6) lib/action_controller/metal/rack_delegation.rb:13:in `dispatch&#39;
actionpack (4.1.6) lib/action_controller/metal.rb:232:in `block in action&#39;
actionpack (4.1.6) lib/action_dispatch/routing/route_set.rb:82:in `call&#39;
actionpack (4.1.6) lib/action_dispatch/routing/route_set.rb:82:in `dispatch&#39;
actionpack (4.1.6) lib/action_dispatch/routing/route_set.rb:50:in `call&#39;
actionpack (4.1.6) lib/action_dispatch/journey/router.rb:73:in `block in call&#39;
actionpack (4.1.6) lib/action_dispatch/journey/router.rb:59:in `each&#39;
actionpack (4.1.6) lib/action_dispatch/journey/router.rb:59:in `call&#39;
actionpack (4.1.6) lib/action_dispatch/routing/route_set.rb:678:in `call&#39;
omniauth (1.2.2) lib/omniauth/strategy.rb:186:in `call!&#39;
omniauth (1.2.2) lib/omniauth/strategy.rb:164:in `call&#39;
warden (1.2.3) lib/warden/manager.rb:35:in `block in call&#39;
warden (1.2.3) lib/warden/manager.rb:34:in `catch&#39;
warden (1.2.3) lib/warden/manager.rb:34:in `call&#39;
rack (1.5.2) lib/rack/etag.rb:23:in `call&#39;
rack (1.5.2) lib/rack/conditionalget.rb:35:in `call&#39;
rack (1.5.2) lib/rack/head.rb:11:in `call&#39;
actionpack (4.1.6) lib/action_dispatch/middleware/params_parser.rb:27:in `call&#39;
actionpack (4.1.6) lib/action_dispatch/middleware/flash.rb:254:in `call&#39;
rack (1.5.2) lib/rack/session/abstract/id.rb:225:in `context&#39;
rack (1.5.2) lib/rack/session/abstract/id.rb:220:in `call&#39;
actionpack (4.1.6) lib/action_dispatch/middleware/cookies.rb:560:in `call&#39;
activerecord (4.1.6) lib/active_record/query_cache.rb:36:in `call&#39;
activerecord (4.1.6) lib/active_record/connection_adapters/abstract/connection_pool.rb:621:in `call&#39;
activerecord (4.1.6) lib/active_record/migration.rb:380:in `call&#39;
actionpack (4.1.6) lib/action_dispatch/middleware/callbacks.rb:29:in `block in call&#39;
activesupport (4.1.6) lib/active_support/callbacks.rb:82:in `run_callbacks&#39;
actionpack (4.1.6) lib/action_dispatch/middleware/callbacks.rb:27:in `call&#39;
actionpack (4.1.6) lib/action_dispatch/middleware/reloader.rb:73:in `call&#39;
actionpack (4.1.6) lib/action_dispatch/middleware/remote_ip.rb:76:in `call&#39;
actionpack (4.1.6) lib/action_dispatch/middleware/debug_exceptions.rb:17:in `call&#39;
actionpack (4.1.6) lib/action_dispatch/middleware/show_exceptions.rb:30:in `call&#39;
railties (4.1.6) lib/rails/rack/logger.rb:38:in `call_app&#39;
railties (4.1.6) lib/rails/rack/logger.rb:20:in `block in call&#39;
activesupport (4.1.6) lib/active_support/tagged_logging.rb:68:in `block in tagged&#39;
activesupport (4.1.6) lib/active_support/tagged_logging.rb:26:in `tagged&#39;
activesupport (4.1.6) lib/active_support/tagged_logging.rb:68:in `tagged&#39;
railties (4.1.6) lib/rails/rack/logger.rb:20:in `call&#39;
request_store (1.1.0) lib/request_store/middleware.rb:8:in `call&#39;
actionpack (4.1.6) lib/action_dispatch/middleware/request_id.rb:21:in `call&#39;
rack (1.5.2) lib/rack/methodoverride.rb:21:in `call&#39;
rack (1.5.2) lib/rack/runtime.rb:17:in `call&#39;
activesupport (4.1.6) lib/active_support/cache/strategy/local_cache_middleware.rb:26:in `call&#39;
rack (1.5.2) lib/rack/lock.rb:17:in `call&#39;
actionpack (4.1.6) lib/action_dispatch/middleware/static.rb:64:in `call&#39;
rack (1.5.2) lib/rack/sendfile.rb:112:in `call&#39;
railties (4.1.6) lib/rails/engine.rb:514:in `call&#39;
railties (4.1.6) lib/rails/application.rb:144:in `call&#39;
rack (1.5.2) lib/rack/lock.rb:17:in `call&#39;
rack (1.5.2) lib/rack/content_length.rb:14:in `call&#39;
rack (1.5.2) lib/rack/handler/webrick.rb:60:in `service&#39;
/System/Library/Frameworks/Ruby.framework/Versions/2.0/usr/lib/ruby/2.0.0/webrick/httpserver.rb:138:in `service&#39;
/System/Library/Frameworks/Ruby.framework/Versions/2.0/usr/lib/ruby/2.0.0/webrick/httpserver.rb:94:in `run&#39;
/System/Library/Frameworks/Ruby.framework/Versions/2.0/usr/lib/ruby/2.0.0/webrick/server.rb:295:in `block in start_thread&#39;</code></pre>
    </div>
    <div id="Full-Trace" style="display: none;">
      <pre><code>actionpack (4.1.6) lib/action_controller/metal/request_forgery_protection.rb:176:in `handle_unverified_request&#39;
actionpack (4.1.6) lib/action_controller/metal/request_forgery_protection.rb:202:in `handle_unverified_request&#39;
devise (3.4.1) lib/devise/controllers/helpers.rb:251:in `handle_unverified_request&#39;
actionpack (4.1.6) lib/action_controller/metal/request_forgery_protection.rb:197:in `verify_authenticity_token&#39;
activesupport (4.1.6) lib/active_support/callbacks.rb:424:in `block in make_lambda&#39;
activesupport (4.1.6) lib/active_support/callbacks.rb:160:in `call&#39;
activesupport (4.1.6) lib/active_support/callbacks.rb:160:in `block in halting&#39;
activesupport (4.1.6) lib/active_support/callbacks.rb:86:in `call&#39;
activesupport (4.1.6) lib/active_support/callbacks.rb:86:in `run_callbacks&#39;
actionpack (4.1.6) lib/abstract_controller/callbacks.rb:19:in `process_action&#39;
actionpack (4.1.6) lib/action_controller/metal/rescue.rb:29:in `process_action&#39;
actionpack (4.1.6) lib/action_controller/metal/instrumentation.rb:31:in `block in process_action&#39;
activesupport (4.1.6) lib/active_support/notifications.rb:159:in `block in instrument&#39;
activesupport (4.1.6) lib/active_support/notifications/instrumenter.rb:20:in `instrument&#39;
activesupport (4.1.6) lib/active_support/notifications.rb:159:in `instrument&#39;
actionpack (4.1.6) lib/action_controller/metal/instrumentation.rb:30:in `process_action&#39;
actionpack (4.1.6) lib/action_controller/metal/params_wrapper.rb:250:in `process_action&#39;
activerecord (4.1.6) lib/active_record/railties/controller_runtime.rb:18:in `process_action&#39;
actionpack (4.1.6) lib/abstract_controller/base.rb:136:in `process&#39;
actionview (4.1.6) lib/action_view/rendering.rb:30:in `process&#39;
actionpack (4.1.6) lib/action_controller/metal.rb:196:in `dispatch&#39;
actionpack (4.1.6) lib/action_controller/metal/rack_delegation.rb:13:in `dispatch&#39;
actionpack (4.1.6) lib/action_controller/metal.rb:232:in `block in action&#39;
actionpack (4.1.6) lib/action_dispatch/routing/route_set.rb:82:in `call&#39;
actionpack (4.1.6) lib/action_dispatch/routing/route_set.rb:82:in `dispatch&#39;
actionpack (4.1.6) lib/action_dispatch/routing/route_set.rb:50:in `call&#39;
actionpack (4.1.6) lib/action_dispatch/journey/router.rb:73:in `block in call&#39;
actionpack (4.1.6) lib/action_dispatch/journey/router.rb:59:in `each&#39;
actionpack (4.1.6) lib/action_dispatch/journey/router.rb:59:in `call&#39;
actionpack (4.1.6) lib/action_dispatch/routing/route_set.rb:678:in `call&#39;
omniauth (1.2.2) lib/omniauth/strategy.rb:186:in `call!&#39;
omniauth (1.2.2) lib/omniauth/strategy.rb:164:in `call&#39;
warden (1.2.3) lib/warden/manager.rb:35:in `block in call&#39;
warden (1.2.3) lib/warden/manager.rb:34:in `catch&#39;
warden (1.2.3) lib/warden/manager.rb:34:in `call&#39;
rack (1.5.2) lib/rack/etag.rb:23:in `call&#39;
rack (1.5.2) lib/rack/conditionalget.rb:35:in `call&#39;
rack (1.5.2) lib/rack/head.rb:11:in `call&#39;
actionpack (4.1.6) lib/action_dispatch/middleware/params_parser.rb:27:in `call&#39;
actionpack (4.1.6) lib/action_dispatch/middleware/flash.rb:254:in `call&#39;
rack (1.5.2) lib/rack/session/abstract/id.rb:225:in `context&#39;
rack (1.5.2) lib/rack/session/abstract/id.rb:220:in `call&#39;
actionpack (4.1.6) lib/action_dispatch/middleware/cookies.rb:560:in `call&#39;
activerecord (4.1.6) lib/active_record/query_cache.rb:36:in `call&#39;
activerecord (4.1.6) lib/active_record/connection_adapters/abstract/connection_pool.rb:621:in `call&#39;
activerecord (4.1.6) lib/active_record/migration.rb:380:in `call&#39;
actionpack (4.1.6) lib/action_dispatch/middleware/callbacks.rb:29:in `block in call&#39;
activesupport (4.1.6) lib/active_support/callbacks.rb:82:in `run_callbacks&#39;
actionpack (4.1.6) lib/action_dispatch/middleware/callbacks.rb:27:in `call&#39;
actionpack (4.1.6) lib/action_dispatch/middleware/reloader.rb:73:in `call&#39;
actionpack (4.1.6) lib/action_dispatch/middleware/remote_ip.rb:76:in `call&#39;
actionpack (4.1.6) lib/action_dispatch/middleware/debug_exceptions.rb:17:in `call&#39;
actionpack (4.1.6) lib/action_dispatch/middleware/show_exceptions.rb:30:in `call&#39;
railties (4.1.6) lib/rails/rack/logger.rb:38:in `call_app&#39;
railties (4.1.6) lib/rails/rack/logger.rb:20:in `block in call&#39;
activesupport (4.1.6) lib/active_support/tagged_logging.rb:68:in `block in tagged&#39;
activesupport (4.1.6) lib/active_support/tagged_logging.rb:26:in `tagged&#39;
activesupport (4.1.6) lib/active_support/tagged_logging.rb:68:in `tagged&#39;
railties (4.1.6) lib/rails/rack/logger.rb:20:in `call&#39;
request_store (1.1.0) lib/request_store/middleware.rb:8:in `call&#39;
actionpack (4.1.6) lib/action_dispatch/middleware/request_id.rb:21:in `call&#39;
rack (1.5.2) lib/rack/methodoverride.rb:21:in `call&#39;
rack (1.5.2) lib/rack/runtime.rb:17:in `call&#39;
activesupport (4.1.6) lib/active_support/cache/strategy/local_cache_middleware.rb:26:in `call&#39;
rack (1.5.2) lib/rack/lock.rb:17:in `call&#39;
actionpack (4.1.6) lib/action_dispatch/middleware/static.rb:64:in `call&#39;
rack (1.5.2) lib/rack/sendfile.rb:112:in `call&#39;
railties (4.1.6) lib/rails/engine.rb:514:in `call&#39;
railties (4.1.6) lib/rails/application.rb:144:in `call&#39;
rack (1.5.2) lib/rack/lock.rb:17:in `call&#39;
rack (1.5.2) lib/rack/content_length.rb:14:in `call&#39;
rack (1.5.2) lib/rack/handler/webrick.rb:60:in `service&#39;
/System/Library/Frameworks/Ruby.framework/Versions/2.0/usr/lib/ruby/2.0.0/webrick/httpserver.rb:138:in `service&#39;
/System/Library/Frameworks/Ruby.framework/Versions/2.0/usr/lib/ruby/2.0.0/webrick/httpserver.rb:94:in `run&#39;
/System/Library/Frameworks/Ruby.framework/Versions/2.0/usr/lib/ruby/2.0.0/webrick/server.rb:295:in `block in start_thread&#39;</code></pre>
    </div>
</div>

  

<h2 style="margin-top: 30px">Request</h2>
<p><b>Parameters</b>:</p> <pre>{&quot;party&quot;=&gt;{&quot;name&quot;=&gt;&quot;koj73&quot;,
 &quot;owner&quot;=&gt;&quot;xb5v2&quot;,
 &quot;date&quot;=&gt;&quot;2014-12-03&quot;,
 &quot;time&quot;=&gt;&quot;17:00&quot;,
 &quot;location&quot;=&gt;&quot;ceeprxu&quot;,
 &quot;description&quot;=&gt;&quot;kgs7jon5&quot;},
 &quot;authenticity_token&quot;=&gt;&quot;tle&gt;\n  &lt;link rel=&quot;,
 &quot;commit&quot;=&gt;&quot;Sign up&quot;}</pre>

<div class="details">
  <div class="summary"><a href="#" onclick="return toggleSessionDump()">Toggle session dump</a></div>
  <div id="session_dump" style="display:none"><pre>_csrf_token: &quot;/ULndUh3HYshtTNkEFV69zDStYpjvokC18lUUkuC6Gw=&quot;
session_id: &quot;0f40b64676e9ac478b0c15e13e6a95a8&quot;
warden.user.user.key: [[80], &quot;$2a$10$zEKVO1pbZlITRr0ruPo5F.&quot;]</pre></div>
</div>

<div class="details">
  <div class="summary"><a href="#" onclick="return toggleEnvDump()">Toggle env dump</a></div>
  <div id="env_dump" style="display:none"><pre>GATEWAY_INTERFACE: &quot;CGI/1.1&quot;
REMOTE_ADDR: &quot;127.0.0.1&quot;
REMOTE_HOST: &quot;127.0.0.1&quot;
SERVER_NAME: &quot;localhost&quot;
SERVER_PROTOCOL: &quot;HTTP/1.1&quot;</pre></div>
</div>

<h2 style="margin-top: 30px">Response</h2>
<p><b>Headers</b>:</p> <pre>None</pre>

</div>


</body>
</html>

]]>
  </body>
</response>
<testResult cycle="000" cvus="001" thread="000" suite="Critical" name="my_test"  time="1417655766.39" result="Failure" steps="7" duration="6.09458994865" connection_duration="4.73360800743" requests="22" pages="6" xmlrpc="0" redirects="1" images="6" links="8" traceback='Traceback (most recent call last):&#10;   File "/Users/steffenfb/programming/loadtest/lib/python2.7/site-packages/funkload/FunkLoadTestCase.py", line 946, in __call__&#10;    testMethod()&#10;   File "/Users/steffenfb/programming/load_testing/test_Critical.py", line 52, in my_test&#10;    description="Create New party")&#10;   File "/Users/steffenfb/programming/loadtest/lib/python2.7/site-packages/funkload/FunkLoadTestCase.py", line 383, in post&#10;    method="post", load_auto_links=load_auto_links)&#10;   File "/Users/steffenfb/programming/loadtest/lib/python2.7/site-packages/funkload/FunkLoadTestCase.py", line 299, in _browse&#10;    response = self._connect(url, params, ok_codes, method, description)&#10;   File "/Users/steffenfb/programming/loadtest/lib/python2.7/site-packages/funkload/FunkLoadTestCase.py", line 216, in _connect&#10;    raise self.failureException, str(value.response)&#10; AssertionError: /parties&#10;HTTP Response 422: Unprocessable Entity&#10;' />
<response cycle="000" cvus="001" thread="000" suite="Critical" name="my_test" step="001" number="001" type="get" result="Successful" url="/past" code="200" description="View the past page" time="1417655772.49" duration="0.136408090591" />
<response cycle="000" cvus="001" thread="000" suite="Critical" name="my_test" step="001" number="002" type="link" result="Successful" url="/bootstrap/3.2.0/css/bootstrap.min.css" code="200" description="" time="1417655772.63" duration="0.0424029827118" />
<response cycle="000" cvus="001" thread="000" suite="Critical" name="my_test" step="001" number="003" type="link" result="Successful" url="/assets/bootstrap_and_customization.css?body=1" code="200" description="" time="1417655772.67" duration="0.00669002532959" />
<response cycle="000" cvus="001" thread="000" suite="Critical" name="my_test" step="001" number="004" type="link" result="Successful" url="/assets/join_members.css?body=1" code="200" description="" time="1417655772.68" duration="0.0048508644104" />
<response cycle="000" cvus="001" thread="000" suite="Critical" name="my_test" step="001" number="005" type="link" result="Successful" url="/assets/parties.css?body=1" code="200" description="" time="1417655772.68" duration="0.00466394424438" />
<response cycle="000" cvus="001" thread="000" suite="Critical" name="my_test" step="001" number="006" type="link" result="Successful" url="/assets/profiles.css?body=1" code="200" description="" time="1417655772.69" duration="0.00490593910217" />
<response cycle="000" cvus="001" thread="000" suite="Critical" name="my_test" step="001" number="007" type="link" result="Successful" url="/assets/scaffolds.css?body=1" code="200" description="" time="1417655772.69" duration="0.00524997711182" />
<response cycle="000" cvus="001" thread="000" suite="Critical" name="my_test" step="001" number="008" type="link" result="Successful" url="/assets/application.css?body=1" code="200" description="" time="1417655772.7" duration="0.00565600395203" />
<response cycle="000" cvus="001" thread="000" suite="Critical" name="my_test" step="001" number="009" type="link" result="Successful" url="/assets/bootstrap-datetimepicker.css?body=1" code="200" description="" time="1417655772.71" duration="0.00507307052612" />
<response cycle="000" cvus="001" thread="000" suite="Critical" name="my_test" step="002" number="001" type="get" result="Successful" url="/past" code="200" description="View the past page again" time="1417655773.21" duration="0.137439012527" />
<response cycle="000" cvus="001" thread="000" suite="Critical" name="my_test" step="003" number="001" type="get" result="Successful" url="" code="200" description="Get root URL" time="1417655773.77" duration="0.145302057266" />
<response cycle="000" cvus="001" thread="000" suite="Critical" name="my_test" step="003" number="002" type="image" result="Successful" url="/2013/05/img_1380.jpg" code="200" description="" time="1417655773.92" duration="0.990200996399" />
<response cycle="000" cvus="001" thread="000" suite="Critical" name="my_test" step="003" number="003" type="image" result="Successful" url="/2014/04/maxresdefault.jpg" code="200" description="" time="1417655774.91" duration="0.0910019874573" />
<response cycle="000" cvus="001" thread="000" suite="Critical" name="my_test" step="003" number="004" type="image" result="Successful" url="/_-tDuDhxev0k/TLKuMBwh6sI/AAAAAAAAACc/hjNcFNVbBEI/s1600/IMG_0091-1.jpg" code="200" description="" time="1417655775.0" duration="0.0356149673462" />
<response cycle="000" cvus="001" thread="000" suite="Critical" name="my_test" step="003" number="005" type="image" result="Successful" url="/img/photos/2009/04/08/P4040977_t479.jpg?6626f76dcd72edc2e28f46812c7026450162bdb2" code="200" description="" time="1417655775.04" duration="0.260368108749" />
<response cycle="000" cvus="001" thread="000" suite="Critical" name="my_test" step="003" number="006" type="image" result="Successful" url="/rapgenius/beer_pong1.jpg" code="200" description="" time="1417655775.3" duration="0.660403966904" />
<response cycle="000" cvus="001" thread="000" suite="Critical" name="my_test" step="003" number="007" type="image" result="Successful" url="/images/drink.19_1.jpg" code="200" description="" time="1417655775.96" duration="0.0432999134064" />
</funkload>
